c:\users\vnoha\source\repos\lammg6\lammg6\debug\vc142.pdb
c:\users\vnoha\source\repos\lammg6\lammg6\debug\vc142.idb
c:\users\vnoha\source\repos\lammg6\lammg6\debug\vbo.obj
c:\users\vnoha\source\repos\lammg6\lammg6\debug\vao.obj
c:\users\vnoha\source\repos\lammg6\lammg6\debug\lammg6.obj
c:\users\vnoha\source\repos\lammg6\lammg6\debug\ebo.obj
c:\users\vnoha\desktop\new folder\lammg6\lammg6\debug\vc142.pdb
c:\users\vnoha\desktop\new folder\lammg6\lammg6\debug\vc142.idb
c:\users\vnoha\desktop\new folder\lammg6\lammg6\debug\lammg6.obj
c:\users\vnoha\source\repos\lammg6\debug\lammg6.exe
c:\users\vnoha\source\repos\lammg6\lammg6\debug\lammg6.ilk
c:\users\vnoha\source\repos\lammg6\debug\lammg6.pdb
c:\users\vnoha\desktop\new folder\lammg6\debug\lammg6.exe
c:\users\vnoha\desktop\new folder\lammg6\lammg6\debug\lammg6.ilk
c:\users\vnoha\desktop\new folder\lammg6\debug\lammg6.pdb
c:\users\vnoha\desktop\new folder\lammg6\lammg6\debug\ebo.obj
c:\users\vnoha\desktop\new folder\lammg6\lammg6\debug\vao.obj
c:\users\vnoha\desktop\new folder\lammg6\lammg6\debug\vbo.obj
c:\users\vnoha\desktop\new folder\lammg6\lammg6\debug\lammg6.tlog\cl.command.1.tlog
c:\users\vnoha\desktop\new folder\lammg6\lammg6\debug\lammg6.tlog\cl.read.1.tlog
c:\users\vnoha\desktop\new folder\lammg6\lammg6\debug\lammg6.tlog\cl.write.1.tlog
c:\users\vnoha\desktop\new folder\lammg6\lammg6\debug\lammg6.tlog\link.command.1.tlog
c:\users\vnoha\desktop\new folder\lammg6\lammg6\debug\lammg6.tlog\link.read.1.tlog
c:\users\vnoha\desktop\new folder\lammg6\lammg6\debug\lammg6.tlog\link.write.1.tlog
